C51 COMPILER V9.00   MAIN                                                                  11/18/2015 10:20:06 PAGE 1   


C51 COMPILER V9.00, COMPILATION OF MODULE MAIN
OBJECT MODULE PLACED IN .\Obj\main.obj
COMPILER INVOKED BY: D:\Keil\C51\BIN\C51.EXE app\main.c LARGE OMF2 WARNINGLEVEL(0) BROWSE ORDER INCDIR(.\app;.\Lib;.\bsp
                    -) DEBUG PRINT(.\Obj\main.lst) OBJECT(.\Obj\main.obj)

line level    source

   1          
   2          
   3          
   4          #include "config.h"
   5          #include "GPIO.h"
   6          #include "delay.h"
   7          #include "ADC.h"
   8          #include "bsp.h"
   9          #include "USART.h"
  10          #include "rn8209d.h"
  11          #include "com.h"
  12          #include "timerhl.h"
  13          #include "adchl.h"
  14          #include "EEPROM.h"
  15          #include "PCA.h"
  16          #include "msg_protocol.h"
  17          #include "eepromhl.h"
  18          #include "code_switch.h"
  19          
  20          
  21          extern Queue *g_queue[4];
  22          extern u8 g_alarm_signal[4];
  23          u8 work_mode = 0;
  24          
  25          /********************  **************************/
  26          void main(void)
  27          {       
  28   1              u16 ad_val = 0; 
  29   1              u8 i = 0, flag = 1, arr[3] = 0, status = 0;
  30   1              u8 saving_level[4] = {0};
  31   1              u32 tmp = 0;
  32   1              bsp_init();
  33   1              all_irq_enable();       
  34   1              rn8209_init();  
  35   1              
  36   1              work_mode = get_app_wrok_status();
  37   1              
  38   1              TX1_write2buff(0xEE);
  39   1              TX1_write2buff(work_mode);
  40   1              
  41   1              pwm2_config();
  42   1              PWMn_Update(PCA0, 128); 
  43   1              
  44   1              set_port_val(RS485_DE, 0);
  45   1              i = 0;
  46   1              while (1)
  47   1              {       
  48   2      
  49   2                      watchdog_clear();
  50   2                      switch (status)
  51   2                      {
  52   3                              case 0:
  53   3                                      set_channel(i);
  54   3                                      status++;
C51 COMPILER V9.00   MAIN                                                                  11/18/2015 10:20:06 PAGE 2   

  55   3                              break;
  56   3                              
  57   3                              case 1:                 
  58   3                                      if(IS_TIMEOUT_1MS(timer_channel, 1000))
  59   3                                      {       
  60   4                                              app(i);
  61   4                                              i++;
  62   4                                              if (i > 3)
  63   4                                              {
  64   5                                                      i = 0;
  65   5                                              }
  66   4                      
  67   4                                      }               
  68   3                                      status++;
  69   3                              break;
  70   3                              
  71   3                              case 2:
  72   3                                      protocol_action();
  73   3                                      status++;
  74   3                              break;
  75   3                              
  76   3                              case 3:
  77   3                                      set_alarm_status(g_alarm_signal);
  78   3                                      status = 0;
  79   3                              break;
  80   3                              
  81   3                              default:
  82   3                              break;
  83   3                      }                       
  84   2                      
  85   2                      if (IS_TIMEOUT_1MS(timer_led5, 500))
  86   2                      {
  87   3                              if (get_port_val(LED_5_R) == 1)
  88   3                              {
  89   4                                      set_port_val(LED_5, 0); 
  90   4                              }
  91   3                              else
  92   3                              {
  93   4                                      set_port_val(LED_5, 1);
  94   4                              }                       
  95   3                      }
  96   2                                      
  97   2              }
  98   1      }
  99          
 100          
 101          
 102          


MODULE INFORMATION:   STATIC OVERLAYABLE
   CODE SIZE        =    347    ----
   CONSTANT SIZE    =      7    ----
   XDATA SIZE       =      1      16
   PDATA SIZE       =   ----    ----
   DATA SIZE        =   ----    ----
   IDATA SIZE       =   ----    ----
   BIT SIZE         =   ----    ----
   EDATA SIZE       =   ----    ----
   HDATA SIZE       =   ----    ----
   XDATA CONST SIZE =   ----    ----
   FAR CONST SIZE   =   ----    ----
C51 COMPILER V9.00   MAIN                                                                  11/18/2015 10:20:06 PAGE 3   

END OF MODULE INFORMATION.


C51 COMPILATION COMPLETE.  0 WARNING(S),  0 ERROR(S)
