C51 COMPILER V9.00   SPI                                                                   11/18/2015 10:20:07 PAGE 1   


C51 COMPILER V9.00, COMPILATION OF MODULE SPI
OBJECT MODULE PLACED IN .\Obj\spi.obj
COMPILER INVOKED BY: D:\Keil\C51\BIN\C51.EXE app\spi.c LARGE OMF2 WARNINGLEVEL(0) BROWSE ORDER INCDIR(.\app;.\Lib;.\bsp)
                    - DEBUG PRINT(.\Obj\spi.lst) OBJECT(.\Obj\spi.obj)

line level    source

   1          
   2          
   3          #include "spi.h"
   4          #include "com.h"
   5          
   6          
   7          
   8          void spi_write_byte(u8 ch)
   9          {
  10   1              u8 data val = 0;
  11   1              u8 data i = 0;
  12   1              u8 data miso = 0;
  13   1              u8 k=0,j=0;
  14   1      
  15   1              for (i=0; i<8; i++)
  16   1              {
  17   2                      SPI_SCLK_H();
  18   2                      if (ch & 0x80)
  19   2                      {
  20   3                              SPI_MOSI_H();
  21   3                      }
  22   2                      else
  23   2                      {
  24   3                              SPI_MOSI_L();
  25   3                      }
  26   2                      
  27   2                      ch <<= 1;
  28   2                      SPI_SCLK_L();
  29   2              }
  30   1      }
  31          
  32          u8 spi_read_byte(void)
  33          {
  34   1              u8 i = 0, ch = 0, tmp = 0;
  35   1              
  36   1              for (i=0; i<8; i++)
  37   1              {
  38   2                      ch = ch<<1;
  39   2                      SPI_SCLK_H();
  40   2                      delay(6);
  41   2                      SPI_SCLK_L();
  42   2                      tmp = SPI_MISO();
  43   2                      if (tmp)
  44   2                      {
  45   3                              ch |= 1;
  46   3                      }
  47   2                      else
  48   2                      {
  49   3                              ch |= 0;
  50   3                      }
  51   2              }
  52   1      
  53   1              return ch;
  54   1      }
C51 COMPILER V9.00   SPI                                                                   11/18/2015 10:20:07 PAGE 2   

  55          
  56          
  57          u8 spi_send_byte1(u8 ch)
  58          {
  59   1              u8 data val = 0;
  60   1              u8 data i = 0,j=0;
  61   1              u8 data miso = 0;
  62   1      
  63   1      //      for (i=0; i<8; i++)
  64   1      //      {
  65   1      //              SPI_SCLK_H();
  66   1      //              if (ch & 0x80)
  67   1      //              {
  68   1      //                      SPI_MOSI_H();
  69   1      //              }
  70   1      //              else
  71   1      //              {
  72   1      //                      SPI_MOSI_L();
  73   1      //              }
  74   1      //              
  75   1      //              ch <<= 1;
  76   1      //              SPI_SCLK_L();
  77   1      //              
  78   1      //              miso = SPI_MISO();
  79   1      //              val <<= 1;
  80   1      //              if (miso)
  81   1      //              {
  82   1      //                      val++;
  83   1      //              }
  84   1      //              SPI_SCLK_H();
  85   1      //      }
  86   1      
  87   1              
  88   1              return val;
  89   1      }
  90          
  91          


MODULE INFORMATION:   STATIC OVERLAYABLE
   CODE SIZE        =    127    ----
   CONSTANT SIZE    =   ----    ----
   XDATA SIZE       =   ----       5
   PDATA SIZE       =   ----    ----
   DATA SIZE        =   ----       7
   IDATA SIZE       =   ----    ----
   BIT SIZE         =   ----    ----
   EDATA SIZE       =   ----    ----
   HDATA SIZE       =   ----    ----
   XDATA CONST SIZE =   ----    ----
   FAR CONST SIZE   =   ----    ----
END OF MODULE INFORMATION.


C51 COMPILATION COMPLETE.  0 WARNING(S),  0 ERROR(S)
