C51 COMPILER V9.00   TIMER                                                                 11/18/2015 10:20:09 PAGE 1   


C51 COMPILER V9.00, COMPILATION OF MODULE TIMER
OBJECT MODULE PLACED IN .\Obj\timer.obj
COMPILER INVOKED BY: D:\Keil\C51\BIN\C51.EXE Lib\timer.c LARGE OMF2 WARNINGLEVEL(0) BROWSE ORDER INCDIR(.\app;.\Lib;.\bs
                    -p) DEBUG PRINT(.\Obj\timer.lst) OBJECT(.\Obj\timer.obj)

line level    source

   1          
   2          /*************  功能说明        **************
   3          
   4          本文件为STC15xxx系列的定时器初始化和中断程序,用户可以在这个文件中修改自己需要的中断程序.
   5          
   6          
   7          ******************************************/
   8          
   9          
  10          
  11          #include        "timer.h"
  12          
  13          
  14          
  15          /********************* Timer1中断函数************************/
  16          void timer1_int (void) interrupt TIMER1_VECTOR
  17          {
  18   1      
  19   1      }
  20          
  21          /********************* Timer2中断函数************************/
  22          void timer2_int (void) interrupt TIMER2_VECTOR
  23          {
  24   1              P10 = ~P10;
  25   1      }
  26          
  27          
  28          //========================================================================
  29          // 函数: u8     Timer_Inilize(u8 TIM, TIM_InitTypeDef *TIMx)
  30          // 描述: 定时器初始化程序.
  31          // 参数: TIMx: 结构参数,请参考timer.h里的定义.
  32          // 返回: 成功返回0, 空操作返回1,错误返回2.
  33          // 版本: V1.0, 2012-10-22
  34          //========================================================================
  35          u8      Timer_Inilize(u8 TIM, TIM_InitTypeDef *TIMx)
  36          {
  37   1              if(TIM > Timer2)        return 1;       //空操作
  38   1      
  39   1              if(TIM == Timer0)
  40   1              {
  41   2                      TR0 = 0;                //停止计数
  42   2                      if(TIMx->TIM_Interrupt == ENABLE)               ET0 = 1;        //允许中断
  43   2                      else                                                                    ET0 = 0;        //禁止中断
  44   2                      if(TIMx->TIM_Polity == PolityHigh)              PT0 = 1;        //高优先级中断
  45   2                      else                                                                    PT0 = 0;        //低优先级中断
  46   2                      if(TIMx->TIM_Mode >  TIM_16BitAutoReloadNoMask) return 2;       //错误
  47   2                      TMOD = (TMOD & ~0x03) | TIMx->TIM_Mode; //工作模式,0: 16位自动重装, 1: 16位定时/计数, 2: 8位自动重装, 3:
             - 16位自动重装, 不可屏蔽中断
  48   2                      if(TIMx->TIM_ClkSource == TIM_CLOCK_12T)        AUXR &= ~0x80;  //12T
  49   2                      if(TIMx->TIM_ClkSource == TIM_CLOCK_1T)         AUXR |=  0x80;  //1T
  50   2                      if(TIMx->TIM_ClkSource == TIM_CLOCK_Ext)        TMOD |=  0x04;  //对外计数或分频
  51   2                      else                                                                            TMOD &= ~0x04;  //定时
  52   2                      if(TIMx->TIM_ClkOut == ENABLE)  INT_CLKO |=  0x01;      //输出时钟
  53   2                      else                                                    INT_CLKO &= ~0x01;      //不输出时钟
C51 COMPILER V9.00   TIMER                                                                 11/18/2015 10:20:09 PAGE 2   

  54   2                      
  55   2                      TH0 = (u8)(TIMx->TIM_Value >> 8);
  56   2                      TL0 = (u8)TIMx->TIM_Value;
  57   2                      if(TIMx->TIM_Run == ENABLE)     TR0 = 1;        //开始运行
  58   2                      return  0;              //成功
  59   2              }
  60   1      
  61   1              if(TIM == Timer1)
  62   1              {
  63   2                      TR1 = 0;                //停止计数
  64   2                      if(TIMx->TIM_Interrupt == ENABLE)               ET1 = 1;        //允许中断
  65   2                      else                                                                    ET1 = 0;        //禁止中断
  66   2                      if(TIMx->TIM_Polity == PolityHigh)              PT1 = 1;        //高优先级中断
  67   2                      else                                                                    PT1 = 0;        //低优先级中断
  68   2                      if(TIMx->TIM_Mode >= TIM_16BitAutoReloadNoMask) return 2;       //错误
  69   2                      TMOD = (TMOD & ~0x30) | TIMx->TIM_Mode; //工作模式,0: 16位自动重装, 1: 16位定时/计数, 2: 8位自动重装
  70   2                      if(TIMx->TIM_ClkSource == TIM_CLOCK_12T)        AUXR &= ~0x40;  //12T
  71   2                      if(TIMx->TIM_ClkSource == TIM_CLOCK_1T)         AUXR |=  0x40;  //1T
  72   2                      if(TIMx->TIM_ClkSource == TIM_CLOCK_Ext)        TMOD |=  0x40;  //对外计数或分频
  73   2                      else                                                                            TMOD &= ~0x40;  //定时
  74   2                      if(TIMx->TIM_ClkOut == ENABLE)  INT_CLKO |=  0x02;      //输出时钟
  75   2                      else                                                    INT_CLKO &= ~0x02;      //不输出时钟
  76   2                      
  77   2                      TH1 = (u8)(TIMx->TIM_Value >> 8);
  78   2                      TL1 = (u8)TIMx->TIM_Value;
  79   2                      if(TIMx->TIM_Run == ENABLE)     TR1 = 1;        //开始运行
  80   2                      return  0;              //成功
  81   2              }
  82   1      
  83   1              if(TIM == Timer2)               //Timer2,固定为16位自动重装, 中断无优先级
  84   1              {
  85   2                      AUXR &= ~(1<<4);        //停止计数
  86   2                      if(TIMx->TIM_Interrupt == ENABLE)                       IE2  |=  (1<<2);        //允许中断
  87   2                      else                                                                            IE2  &= ~(1<<2);        //禁止中断
  88   2                      if(TIMx->TIM_ClkSource >  TIM_CLOCK_Ext)        return 2;
  89   2                      if(TIMx->TIM_ClkSource == TIM_CLOCK_12T)        AUXR &= ~(1<<2);        //12T
  90   2                      if(TIMx->TIM_ClkSource == TIM_CLOCK_1T)         AUXR |=  (1<<2);        //1T
  91   2                      if(TIMx->TIM_ClkSource == TIM_CLOCK_Ext)        AUXR |=  (1<<3);        //对外计数或分频
  92   2                      else                                                                            AUXR &= ~(1<<3);        //定时
  93   2                      if(TIMx->TIM_ClkOut == ENABLE)  INT_CLKO |=  0x04;      //输出时钟
  94   2                      else                                                    INT_CLKO &= ~0x04;      //不输出时钟
  95   2      
  96   2                      TH2 = (u8)(TIMx->TIM_Value >> 8);
  97   2                      TL2 = (u8)TIMx->TIM_Value;
  98   2                      if(TIMx->TIM_Run == ENABLE)     AUXR |=  (1<<4);        //开始运行
  99   2                      return  0;              //成功
 100   2              }
 101   1              return 2;       //错误
 102   1      }


MODULE INFORMATION:   STATIC OVERLAYABLE
   CODE SIZE        =    421    ----
   CONSTANT SIZE    =   ----    ----
   XDATA SIZE       =   ----    ----
   PDATA SIZE       =   ----    ----
   DATA SIZE        =   ----    ----
   IDATA SIZE       =   ----    ----
   BIT SIZE         =   ----    ----
   EDATA SIZE       =   ----    ----
   HDATA SIZE       =   ----    ----
   XDATA CONST SIZE =   ----    ----
C51 COMPILER V9.00   TIMER                                                                 11/18/2015 10:20:09 PAGE 3   

   FAR CONST SIZE   =   ----    ----
END OF MODULE INFORMATION.


C51 COMPILATION COMPLETE.  0 WARNING(S),  0 ERROR(S)
